10/12/2024 8:38:42 a. m.-System.Exception: No se pudo agregar el programa: An error occurred while saving the entity changes. See the inner exception for details.
   at bienesoft.Models.ProgramServices.AddProgram(ProgramModel program) in C:\Proyecto Formativo\Backend\bienesoft\Services\Program.Services.cs:line 109
   at bienesoft.Controllers.ProgramController.AddProgram(ProgramModel program) in C:\Proyecto Formativo\Backend\bienesoft\Controllers\Program.Controller.cs:line 36
10/12/2024 8:40:02 a. m.-System.Exception: No se pudo agregar el programa: An error occurred while saving the entity changes. See the inner exception for details.
   at bienesoft.Models.ProgramServices.AddProgram(ProgramModel program) in C:\Proyecto Formativo\Backend\bienesoft\Services\Program.Services.cs:line 109
   at bienesoft.Controllers.ProgramController.AddProgram(ProgramModel program) in C:\Proyecto Formativo\Backend\bienesoft\Controllers\Program.Controller.cs:line 36
10/12/2024 8:41:53 a. m.-System.Exception: Error de validación: El programa con el ID 4 ya existe.
   at bienesoft.Models.ProgramServices.AddProgram(ProgramModel program) in C:\Proyecto Formativo\Backend\bienesoft\Services\Program.Services.cs:line 105
   at bienesoft.Controllers.ProgramController.AddProgram(ProgramModel program) in C:\Proyecto Formativo\Backend\bienesoft\Controllers\Program.Controller.cs:line 36
10/12/2024 8:42:03 a. m.-System.Exception: No se pudo agregar el programa: An error occurred while saving the entity changes. See the inner exception for details.
   at bienesoft.Models.ProgramServices.AddProgram(ProgramModel program) in C:\Proyecto Formativo\Backend\bienesoft\Services\Program.Services.cs:line 109
   at bienesoft.Controllers.ProgramController.AddProgram(ProgramModel program) in C:\Proyecto Formativo\Backend\bienesoft\Controllers\Program.Controller.cs:line 36
10/12/2024 8:42:52 a. m.-System.Exception: No se pudo agregar el programa: An error occurred while saving the entity changes. See the inner exception for details.
   at bienesoft.Models.ProgramServices.AddProgram(ProgramModel program) in C:\Proyecto Formativo\Backend\bienesoft\Services\Program.Services.cs:line 109
   at bienesoft.Controllers.ProgramController.AddProgram(ProgramModel program) in C:\Proyecto Formativo\Backend\bienesoft\Controllers\Program.Controller.cs:line 36
10/12/2024 8:42:54 a. m.-System.Exception: No se pudo agregar el programa: An error occurred while saving the entity changes. See the inner exception for details.
   at bienesoft.Models.ProgramServices.AddProgram(ProgramModel program) in C:\Proyecto Formativo\Backend\bienesoft\Services\Program.Services.cs:line 109
   at bienesoft.Controllers.ProgramController.AddProgram(ProgramModel program) in C:\Proyecto Formativo\Backend\bienesoft\Controllers\Program.Controller.cs:line 36
10/12/2024 8:42:57 a. m.-System.Exception: No se pudo agregar el programa: An error occurred while saving the entity changes. See the inner exception for details.
   at bienesoft.Models.ProgramServices.AddProgram(ProgramModel program) in C:\Proyecto Formativo\Backend\bienesoft\Services\Program.Services.cs:line 109
   at bienesoft.Controllers.ProgramController.AddProgram(ProgramModel program) in C:\Proyecto Formativo\Backend\bienesoft\Controllers\Program.Controller.cs:line 36
10/12/2024 8:42:57 a. m.-System.Exception: No se pudo agregar el programa: An error occurred while saving the entity changes. See the inner exception for details.
   at bienesoft.Models.ProgramServices.AddProgram(ProgramModel program) in C:\Proyecto Formativo\Backend\bienesoft\Services\Program.Services.cs:line 109
   at bienesoft.Controllers.ProgramController.AddProgram(ProgramModel program) in C:\Proyecto Formativo\Backend\bienesoft\Controllers\Program.Controller.cs:line 36
10/12/2024 8:42:58 a. m.-System.Exception: No se pudo agregar el programa: An error occurred while saving the entity changes. See the inner exception for details.
   at bienesoft.Models.ProgramServices.AddProgram(ProgramModel program) in C:\Proyecto Formativo\Backend\bienesoft\Services\Program.Services.cs:line 109
   at bienesoft.Controllers.ProgramController.AddProgram(ProgramModel program) in C:\Proyecto Formativo\Backend\bienesoft\Controllers\Program.Controller.cs:line 36
10/12/2024 8:43:10 a. m.-System.Exception: No se pudo agregar el programa: An error occurred while saving the entity changes. See the inner exception for details.
   at bienesoft.Models.ProgramServices.AddProgram(ProgramModel program) in C:\Proyecto Formativo\Backend\bienesoft\Services\Program.Services.cs:line 109
   at bienesoft.Controllers.ProgramController.AddProgram(ProgramModel program) in C:\Proyecto Formativo\Backend\bienesoft\Controllers\Program.Controller.cs:line 36
10/12/2024 8:43:27 a. m.-System.Exception: Error de validación: El programa con el ID 4 ya existe.
   at bienesoft.Models.ProgramServices.AddProgram(ProgramModel program) in C:\Proyecto Formativo\Backend\bienesoft\Services\Program.Services.cs:line 105
   at bienesoft.Controllers.ProgramController.AddProgram(ProgramModel program) in C:\Proyecto Formativo\Backend\bienesoft\Controllers\Program.Controller.cs:line 36
10/12/2024 8:44:05 a. m.-System.Exception: No se pudo agregar el programa: An error occurred while saving the entity changes. See the inner exception for details.
   at bienesoft.Models.ProgramServices.AddProgram(ProgramModel program) in C:\Proyecto Formativo\Backend\bienesoft\Services\Program.Services.cs:line 109
   at bienesoft.Controllers.ProgramController.AddProgram(ProgramModel program) in C:\Proyecto Formativo\Backend\bienesoft\Controllers\Program.Controller.cs:line 36
10/12/2024 10:26:25 a. m.-System.Exception: Error de validación: El programa con el ID 4 ya existe.
   at bienesoft.Models.ProgramServices.AddProgram(ProgramModel program) in C:\Proyecto Formativo\Backend\bienesoft\Services\Program.Services.cs:line 105
   at bienesoft.Controllers.ProgramController.AddProgram(ProgramModel program) in C:\Proyecto Formativo\Backend\bienesoft\Controllers\Program.Controller.cs:line 36
10/12/2024 1:47:36 p. m.-El programa con el ID 4 no se encontró en la base de datos.
