12/11/2024 12:50:10 p. m.-System.Net.Mail.SmtpException: Failure sending mail.
 ---> System.IO.IOException: Unable to read data from the transport connection: The connection was closed.
   at System.Net.Mail.SmtpReplyReaderFactory.ReadLinesAsyncResult.ProcessRead()
   at System.Net.Mail.SmtpReplyReaderFactory.ReadLinesAsyncResult.Read(SmtpReplyReader caller)
   at System.Net.Mail.ReadLinesCommand.BeginSend(SmtpConnection conn, AsyncCallback callback, Object state)
   at System.Net.Mail.SmtpConnection.ConnectAndHandshakeAsyncResult.SendEHello()
   at System.Net.Mail.SmtpConnection.ConnectAndHandshakeAsyncResult.TlsStreamAuthenticateCallback(IAsyncResult result)
--- End of stack trace from previous location ---
   at System.Net.Mail.SmtpClient.ConnectCallback(IAsyncResult result)
   --- End of inner exception stack trace ---
   at bienesoft.Funcions.GeneralFunction.SendEmail(String emailDestination) in C:\Bienesoft\bienesoft\Backend\bienesoft\Funcions\General.Functions.cs:line 43
12/11/2024 12:50:14 p. m.-System.IO.IOException: The process cannot access the file 'C:\Bienesoft\bienesoft\Backend\bienesoft\bin\Debug\net8.0\logs\12-11-2024.log' because it is being used by another process.
   at Microsoft.Win32.SafeHandles.SafeFileHandle.CreateFile(String fullPath, FileMode mode, FileAccess access, FileShare share, FileOptions options)
   at Microsoft.Win32.SafeHandles.SafeFileHandle.Open(String fullPath, FileMode mode, FileAccess access, FileShare share, FileOptions options, Int64 preallocationSize, Nullable`1 unixCreateMode)
   at System.IO.Strategies.OSFileStreamStrategy..ctor(String path, FileMode mode, FileAccess access, FileShare share, FileOptions options, Int64 preallocationSize, Nullable`1 unixCreateMode)
   at System.IO.Strategies.FileStreamHelpers.ChooseStrategyCore(String path, FileMode mode, FileAccess access, FileShare share, FileOptions options, Int64 preallocationSize, Nullable`1 unixCreateMode)
   at System.IO.File.Open(String path, FileMode mode)
   at bienesoft.Funcions.GeneralFunction.Addlog(String newLog) in C:\Bienesoft\bienesoft\Backend\bienesoft\Funcions\General.Functions.cs:line 67
   at bienesoft.Funcions.GeneralFunction.SendEmail(String emailDestination) in C:\Bienesoft\bienesoft\Backend\bienesoft\Funcions\General.Functions.cs:line 50
   at bienesoft.Controllers.UserController.ResetPassword(ResetPassUser user) in C:\Bienesoft\bienesoft\Backend\bienesoft\Controllers\User.Controller.cs:line 95
