27/10/2024 7:15:09 p. m.-IDX12741: JWT must have three segments (JWS) or five segments (JWE).
27/10/2024 7:17:04 p. m.-IDX12741: JWT must have three segments (JWS) or five segments (JWE).
27/10/2024 7:18:12 p. m.-IDX12741: JWT must have three segments (JWS) or five segments (JWE).
27/10/2024 7:19:49 p. m.-IDX12741: JWT must have three segments (JWS) or five segments (JWE).
27/10/2024 7:21:37 p. m.-IDX12709: CanReadToken() returned false. JWT is not well formed.
The token needs to be in JWS or JWE Compact Serialization Format. (JWS): 'EncodedHeader.EncodedPayload.EncodedSignature'. (JWE): 'EncodedProtectedHeader.EncodedEncryptedKey.EncodedInitializationVector.EncodedCiphertext.EncodedAuthenticationTag'.
27/10/2024 7:22:37 p. m.-IDX12709: CanReadToken() returned false. JWT is not well formed.
The token needs to be in JWS or JWE Compact Serialization Format. (JWS): 'EncodedHeader.EncodedPayload.EncodedSignature'. (JWE): 'EncodedProtectedHeader.EncodedEncryptedKey.EncodedInitializationVector.EncodedCiphertext.EncodedAuthenticationTag'.
27/10/2024 7:22:38 p. m.-IDX12709: CanReadToken() returned false. JWT is not well formed.
The token needs to be in JWS or JWE Compact Serialization Format. (JWS): 'EncodedHeader.EncodedPayload.EncodedSignature'. (JWE): 'EncodedProtectedHeader.EncodedEncryptedKey.EncodedInitializationVector.EncodedCiphertext.EncodedAuthenticationTag'.
27/10/2024 7:41:43 p. m.-System.Exception: No se pudo agregar el programa: An error occurred while saving the entity changes. See the inner exception for details.
   at Bienesoft.Models.ProgramServices.AddProgram(ProgramModel program) in C:\Bienesoft\bienesoft\Backend\bienesoft\Services\Program.Services.cs:line 97
   at Bienesoft.Controllers.ProgramController.AddProgram(ProgramModel program) in C:\Bienesoft\bienesoft\Backend\bienesoft\Controllers\Program.Controller.cs:line 32
27/10/2024 7:45:36 p. m.-System.Exception: No se pudo agregar el programa: An error occurred while saving the entity changes. See the inner exception for details.
   at Bienesoft.Models.ProgramServices.AddProgram(ProgramModel program) in C:\Bienesoft\bienesoft\Backend\bienesoft\Services\Program.Services.cs:line 97
   at Bienesoft.Controllers.ProgramController.AddProgram(ProgramModel program) in C:\Bienesoft\bienesoft\Backend\bienesoft\Controllers\Program.Controller.cs:line 32
27/10/2024 7:47:17 p. m.-System.Exception: No se pudo agregar el programa: An error occurred while saving the entity changes. See the inner exception for details.
   at Bienesoft.Models.ProgramServices.AddProgram(ProgramModel program) in C:\Bienesoft\bienesoft\Backend\bienesoft\Services\Program.Services.cs:line 97
   at Bienesoft.Controllers.ProgramController.AddProgram(ProgramModel program) in C:\Bienesoft\bienesoft\Backend\bienesoft\Controllers\Program.Controller.cs:line 32
27/10/2024 7:54:41 p. m.-System.Exception: No se pudo agregar el programa: An error occurred while saving the entity changes. See the inner exception for details.
   at Bienesoft.Models.ProgramServices.AddProgram(ProgramModel program) in C:\Bienesoft\bienesoft\Backend\bienesoft\Services\Program.Services.cs:line 97
   at Bienesoft.Controllers.ProgramController.AddProgram(ProgramModel program) in C:\Bienesoft\bienesoft\Backend\bienesoft\Controllers\Program.Controller.cs:line 32
27/10/2024 7:55:06 p. m.-System.Exception: No se pudo agregar el programa: An error occurred while saving the entity changes. See the inner exception for details.
   at Bienesoft.Models.ProgramServices.AddProgram(ProgramModel program) in C:\Bienesoft\bienesoft\Backend\bienesoft\Services\Program.Services.cs:line 97
   at Bienesoft.Controllers.ProgramController.AddProgram(ProgramModel program) in C:\Bienesoft\bienesoft\Backend\bienesoft\Controllers\Program.Controller.cs:line 32
27/10/2024 8:05:10 p. m.-System.Exception: No se pudo agregar la ResponPermission: An error occurred while saving the entity changes. See the inner exception for details.
   at Bienesoft.Models.ResponPermissionServices.AddResponPermission(ResponPermission responPermission) in C:\Bienesoft\bienesoft\Backend\bienesoft\Services\ResponPermission.Services.cs:line 97
   at Bienesoft.Controllers.ResponPermissionController.AddResponPermission(ResponPermission responPermission) in C:\Bienesoft\bienesoft\Backend\bienesoft\Controllers\ResponPermission.Controller.cs:line 33
